Using pre-set license
Built from '2021.1/staging' branch; Version is '2021.1.21f1 (f2d5d3c59f8c) revision 15914451'; Using compiler version '192528614'; Build Type 'Release'
OS: 'Windows 10 Education; OS build 19044.1645; Version 2009; 64bit' Language: 'en' Physical Memory: 16331 MB
BatchMode: 1, IsHumanControllingUs: 0, StartBugReporterOnCrash: 0, Is64bit: 1, IsPro: 0

COMMAND LINE ARGUMENTS:
C:\Program Files\Unity\Hub\Editor\2021.1.21f1\Editor\Unity.exe
-adb2
-batchMode
-noUpm
-name
AssetImportWorker0
-projectPath
C:/Users/Aulas/Desktop/Music/MusicGame/MusicGame
-logFile
Logs/AssetImportWorker0.log
-srvPort
63954
Successfully changed project path to: C:/Users/Aulas/Desktop/Music/MusicGame/MusicGame
C:/Users/Aulas/Desktop/Music/MusicGame/MusicGame
Using Asset Import Pipeline V2.
Refreshing native plugins compatible for Editor in 91.98 ms, found 4 plugins.
Preloading 0 native plugins for Editor in 0.00 ms.
Initialize engine version: 2021.1.21f1 (f2d5d3c59f8c)
[Subsystems] Discovering subsystems at path C:/Program Files/Unity/Hub/Editor/2021.1.21f1/Editor/Data/Resources/UnitySubsystems
[Subsystems] Discovering subsystems at path C:/Users/Aulas/Desktop/Music/MusicGame/MusicGame/Assets
GfxDevice: creating device client; threaded=0; jobified=0
Direct3D:
    Version:  Direct3D 11.0 [level 11.1]
    Renderer: NVIDIA GeForce GTX 1060 3GB (ID=0x1c02)
    Vendor:   NVIDIA
    VRAM:     2988 MB
    Driver:   27.21.14.5671
Initialize mono
Mono path[0] = 'C:/Program Files/Unity/Hub/Editor/2021.1.21f1/Editor/Data/Managed'
Mono path[1] = 'C:/Program Files/Unity/Hub/Editor/2021.1.21f1/Editor/Data/MonoBleedingEdge/lib/mono/unityjit'
Mono config path = 'C:/Program Files/Unity/Hub/Editor/2021.1.21f1/Editor/Data/MonoBleedingEdge/etc'
Using monoOptions --debugger-agent=transport=dt_socket,embedding=1,server=y,suspend=n,address=127.0.0.1:56544
Begin MonoManager ReloadAssembly
Registering precompiled unity dll's ...
Register platform support module: C:/Program Files/Unity/Hub/Editor/2021.1.21f1/Editor/Data/PlaybackEngines/WindowsStandaloneSupport/UnityEditor.WindowsStandalone.Extensions.dll
Registered in 0.001776 seconds.
Native extension for WindowsStandalone target not found
Refreshing native plugins compatible for Editor in 87.72 ms, found 4 plugins.
Preloading 0 native plugins for Editor in 0.00 ms.
Mono: successfully reloaded assembly
- Completed reload, in  1.086 seconds
Domain Reload Profiling:
	ReloadAssembly (1086ms)
		BeginReloadAssembly (54ms)
			ExecutionOrderSort (0ms)
			DisableScriptedObjects (0ms)
			BackupInstance (0ms)
			ReleaseScriptingObjects (0ms)
			CreateAndSetChildDomain (1ms)
		EndReloadAssembly (422ms)
			LoadAssemblies (52ms)
			RebuildTransferFunctionScriptingTraits (0ms)
			SetupTypeCache (152ms)
			ReleaseScriptCaches (0ms)
			RebuildScriptCaches (27ms)
			SetupLoadedEditorAssemblies (204ms)
				LogAssemblyErrors (0ms)
				InitializePlatformSupportModulesInManaged (5ms)
				SetLoadedEditorAssemblies (0ms)
				RefreshPlugins (88ms)
				BeforeProcessingInitializeOnLoad (1ms)
				ProcessInitializeOnLoadAttributes (84ms)
				ProcessInitializeOnLoadMethodAttributes (25ms)
				AfterProcessingInitializeOnLoad (0ms)
				EditorAssembliesLoaded (0ms)
			ExecutionOrderSort2 (0ms)
			AwakeInstancesAfterBackupRestoration (0ms)
Platform modules already initialized, skipping
Registering precompiled user dll's ...
Registered in 0.004652 seconds.
Begin MonoManager ReloadAssembly
Symbol file LoadedFromMemory doesn't match image C:\Users\Aulas\Desktop\Music\MusicGame\MusicGame\Library\PackageCache\com.unity.visualscripting@1.6.1\Editor\VisualScripting.Core\Dependencies\YamlDotNet\Unity.VisualScripting.YamlDotNet.dll
Symbol file LoadedFromMemory doesn't match image C:\Users\Aulas\Desktop\Music\MusicGame\MusicGame\Library\PackageCache\com.unity.visualscripting@1.6.1\Editor\VisualScripting.Core\Dependencies\DotNetZip\Unity.VisualScripting.IonicZip.dll
Native extension for WindowsStandalone target not found
Refreshing native plugins compatible for Editor in 88.65 ms, found 4 plugins.
Preloading 0 native plugins for Editor in 0.00 ms.
Mono: successfully reloaded assembly
- Completed reload, in  1.092 seconds
Domain Reload Profiling:
	ReloadAssembly (1093ms)
		BeginReloadAssembly (135ms)
			ExecutionOrderSort (0ms)
			DisableScriptedObjects (4ms)
			BackupInstance (0ms)
			ReleaseScriptingObjects (0ms)
			CreateAndSetChildDomain (16ms)
		EndReloadAssembly (906ms)
			LoadAssemblies (85ms)
			RebuildTransferFunctionScriptingTraits (0ms)
			SetupTypeCache (306ms)
			ReleaseScriptCaches (1ms)
			RebuildScriptCaches (47ms)
			SetupLoadedEditorAssemblies (386ms)
				LogAssemblyErrors (0ms)
				InitializePlatformSupportModulesInManaged (3ms)
				SetLoadedEditorAssemblies (0ms)
				RefreshPlugins (89ms)
				BeforeProcessingInitializeOnLoad (77ms)
				ProcessInitializeOnLoadAttributes (195ms)
				ProcessInitializeOnLoadMethodAttributes (15ms)
				AfterProcessingInitializeOnLoad (6ms)
				EditorAssembliesLoaded (0ms)
			ExecutionOrderSort2 (0ms)
			AwakeInstancesAfterBackupRestoration (6ms)
Platform modules already initialized, skipping
========================================================================
Worker process is ready to serve import requests
Launched and connected shader compiler UnityShaderCompiler.exe after 0.05 seconds
Refreshing native plugins compatible for Editor in 0.59 ms, found 4 plugins.
Preloading 0 native plugins for Editor in 0.00 ms.
Unloading 3687 Unused Serialized files (Serialized files now loaded: 0)
System memory in use before: 209.1 MB.
System memory in use after: 209.3 MB.

Unloading 30 unused Assets to reduce memory usage. Loaded Objects now: 4140.
Total: 3.228600 ms (FindLiveObjects: 0.239000 ms CreateObjectMapping: 0.120600 ms MarkObjects: 2.815200 ms  DeleteObjects: 0.053000 ms)

AssetImportParameters requested are different than current active one (requested -> active):
  custom:framework-win-MediaFoundation: 216162199b28c13a410421893ffa2e32 -> 
  custom:video-decoder-ogg-theora: a1e56fd34408186e4bbccfd4996cb3dc -> 
  custom:container-muxer-webm: aa71ff27fc2769a1b78a27578f13a17b -> 
  custom:container-demuxer-webm: 4f35f7cbe854078d1ac9338744f61a02 -> 
  custom:container-demuxer-ogg: 62fdf1f143b41e24485cea50d1cbac27 -> 
  custom:video-encoder-webm-vp8: eb34c28f22e8b96e1ab97ce403110664 -> 
  custom:video-decoder-webm-vp8: 9c59270c3fd7afecdb556c50c9e8de78 -> 
  custom:audio-decoder-ogg-vorbis: bf7c407c2cedff20999df2af8eb42d56 -> 
  custom:audio-encoder-webm-vorbis: bf7c407c2cedff20999df2af8eb42d56 -> 
========================================================================
Received Import Request.
  path: Assets/Sem Título-8 1.png
  artifactKey: Guid(ecf9c68bc4c984e4c90c6d8b063602f0) Importer(815301076,1909f56bfc062723c751e8b465ee728b)
Start importing Assets/Sem Título-8 1.png using Guid(ecf9c68bc4c984e4c90c6d8b063602f0) Importer(815301076,1909f56bfc062723c751e8b465ee728b)  -> (artifact id: '1e8a3a51ed4cbe1ff175daff4e837c63') in 0.120142 seconds 
========================================================================
Received Import Request.
  Time since last request: 0.000240 seconds.
  path: Assets/Lucky Skirt (DEMO).ttf
  artifactKey: Guid(534c90d79ff0a384eb82040dd275c454) Importer(815301076,1909f56bfc062723c751e8b465ee728b)
Start importing Assets/Lucky Skirt (DEMO).ttf using Guid(534c90d79ff0a384eb82040dd275c454) Importer(815301076,1909f56bfc062723c751e8b465ee728b)  -> (artifact id: 'b9c4b9a533459d538d6bae59f024c84d') in 0.040493 seconds 
========================================================================
Received Import Request.
  Time since last request: 0.000209 seconds.
  path: Assets/folha.png
  artifactKey: Guid(33e31a17addbccf4b8e70c7a26a3c8f7) Importer(815301076,1909f56bfc062723c751e8b465ee728b)
Start importing Assets/folha.png using Guid(33e31a17addbccf4b8e70c7a26a3c8f7) Importer(815301076,1909f56bfc062723c751e8b465ee728b)  -> (artifact id: '8c2b779975c075be1857a1e118c39f54') in 0.011308 seconds 
========================================================================
Received Import Request.
  Time since last request: 0.000192 seconds.
  path: Assets/Sem Título-5.png
  artifactKey: Guid(60aa1a8bf5e23954caf032c1bebf0471) Importer(815301076,1909f56bfc062723c751e8b465ee728b)
Start importing Assets/Sem Título-5.png using Guid(60aa1a8bf5e23954caf032c1bebf0471) Importer(815301076,1909f56bfc062723c751e8b465ee728b)  -> (artifact id: '4e45e497056ad03a899d67f6a169a862') in 0.011732 seconds 
========================================================================
Received Import Request.
  Time since last request: 0.000156 seconds.
  path: Assets/Sem Título-16.png
  artifactKey: Guid(f4362bbcd5fe1e042b4f0128b97e1fbc) Importer(815301076,1909f56bfc062723c751e8b465ee728b)
Start importing Assets/Sem Título-16.png using Guid(f4362bbcd5fe1e042b4f0128b97e1fbc) Importer(815301076,1909f56bfc062723c751e8b465ee728b)  -> (artifact id: 'eeaff2c88167b8d6d15b052a35744d3d') in 0.009126 seconds 
========================================================================
Received Import Request.
  Time since last request: 0.000176 seconds.
  path: Assets/Sem Título-8 2.png
  artifactKey: Guid(24d0b86df510f504baebb70473c20962) Importer(815301076,1909f56bfc062723c751e8b465ee728b)
Start importing Assets/Sem Título-8 2.png using Guid(24d0b86df510f504baebb70473c20962) Importer(815301076,1909f56bfc062723c751e8b465ee728b)  -> (artifact id: 'c3c4dc2f6b765ece85cd48c3b4e64a0a') in 0.009223 seconds 
========================================================================
Received Import Request.
  Time since last request: 0.000204 seconds.
  path: Assets/1534214288.png
  artifactKey: Guid(78b8615c96691e84391a10f604b4db74) Importer(815301076,1909f56bfc062723c751e8b465ee728b)
Start importing Assets/1534214288.png using Guid(78b8615c96691e84391a10f604b4db74) Importer(815301076,1909f56bfc062723c751e8b465ee728b)  -> (artifact id: '1a610a4ce053416dab42767c1728fd1c') in 0.010853 seconds 
========================================================================
Received Import Request.
  Time since last request: 0.000214 seconds.
  path: Assets/360_F_176015185_mPGNcaL7WygUCaaNWR5nhiC08H4tboBE.jpg
  artifactKey: Guid(3b0a4964ab13bb24287615dd0c93ecdf) Importer(815301076,1909f56bfc062723c751e8b465ee728b)
Start importing Assets/360_F_176015185_mPGNcaL7WygUCaaNWR5nhiC08H4tboBE.jpg using Guid(3b0a4964ab13bb24287615dd0c93ecdf) Importer(815301076,1909f56bfc062723c751e8b465ee728b)  -> (artifact id: '2a5fc36a24781b1b7e5f124057a5e078') in 0.014932 seconds 
========================================================================
Received Import Request.
  Time since last request: 0.000181 seconds.
  path: Assets/Sem Título-12.png
  artifactKey: Guid(9bdd14523b984ae4d8d1bee0c5238194) Importer(815301076,1909f56bfc062723c751e8b465ee728b)
Start importing Assets/Sem Título-12.png using Guid(9bdd14523b984ae4d8d1bee0c5238194) Importer(815301076,1909f56bfc062723c751e8b465ee728b)  -> (artifact id: 'ea4343202e0238de1121b6f67bc5b54c') in 0.022385 seconds 
========================================================================
Received Import Request.
  Time since last request: 0.000170 seconds.
  path: Assets/360_F_266432466_cES81ryd1SVxIL5HrO6J7r7JMqiIgCg8.jpg
  artifactKey: Guid(cf8799e0b492953448c6eb193891d150) Importer(815301076,1909f56bfc062723c751e8b465ee728b)
Start importing Assets/360_F_266432466_cES81ryd1SVxIL5HrO6J7r7JMqiIgCg8.jpg using Guid(cf8799e0b492953448c6eb193891d150) Importer(815301076,1909f56bfc062723c751e8b465ee728b)  -> (artifact id: '78a877a81c82c2bdf7a755d155510c4f') in 0.014603 seconds 
========================================================================
Received Import Request.
  Time since last request: 0.000211 seconds.
  path: Assets/Sem Título-13.png
  artifactKey: Guid(faa9528a1d775804e92398f67860d0b1) Importer(815301076,1909f56bfc062723c751e8b465ee728b)
Start importing Assets/Sem Título-13.png using Guid(faa9528a1d775804e92398f67860d0b1) Importer(815301076,1909f56bfc062723c751e8b465ee728b)  -> (artifact id: '27c00af2e6760caab482a2487cbad613') in 0.011089 seconds 
========================================================================
Received Import Request.
  Time since last request: 0.000260 seconds.
  path: Assets/banana.png
  artifactKey: Guid(95e454212ca1fa743bdfc0ed54e91c28) Importer(815301076,1909f56bfc062723c751e8b465ee728b)
Start importing Assets/banana.png using Guid(95e454212ca1fa743bdfc0ed54e91c28) Importer(815301076,1909f56bfc062723c751e8b465ee728b)  -> (artifact id: '48a58a4f7461294736ca8de4d800d07e') in 0.011779 seconds 
========================================================================
Received Import Request.
  Time since last request: 0.000153 seconds.
  path: Assets/notePNG.png
  artifactKey: Guid(8e9957d274c9ae14cb983f2cb4cf46fb) Importer(815301076,1909f56bfc062723c751e8b465ee728b)
Start importing Assets/notePNG.png using Guid(8e9957d274c9ae14cb983f2cb4cf46fb) Importer(815301076,1909f56bfc062723c751e8b465ee728b)  -> (artifact id: '5c6e8ff8429bf2337321d7a44a47b779') in 0.009436 seconds 
========================================================================
Received Import Request.
  Time since last request: 0.000185 seconds.
  path: Assets/Sem Título-8.png
  artifactKey: Guid(ca8b3c1b537c1a94e988215cc4267b67) Importer(815301076,1909f56bfc062723c751e8b465ee728b)
Start importing Assets/Sem Título-8.png using Guid(ca8b3c1b537c1a94e988215cc4267b67) Importer(815301076,1909f56bfc062723c751e8b465ee728b)  -> (artifact id: '8c8a2bb0ddbd14330e9a4ea0a816e643') in 0.008830 seconds 
========================================================================
Received Import Request.
  Time since last request: 0.000188 seconds.
  path: Assets/PL_EP.mp3
  artifactKey: Guid(8ca927980bf2cc643965f9ea78816e89) Importer(815301076,1909f56bfc062723c751e8b465ee728b)
Start importing Assets/PL_EP.mp3 using Guid(8ca927980bf2cc643965f9ea78816e89) Importer(815301076,1909f56bfc062723c751e8b465ee728b)  -> (artifact id: '6b5d35e70bbc9c131e5dc69b5933810a') in 0.071411 seconds 
========================================================================
Received Import Request.
  Time since last request: 0.000179 seconds.
  path: Assets/Sem Título-8 3.png
  artifactKey: Guid(841f2ea747a2e8345a6e20e4ef163d05) Importer(815301076,1909f56bfc062723c751e8b465ee728b)
Start importing Assets/Sem Título-8 3.png using Guid(841f2ea747a2e8345a6e20e4ef163d05) Importer(815301076,1909f56bfc062723c751e8b465ee728b)  -> (artifact id: '1ab17aea3b7c21bda0b6e4b4aa8387ef') in 0.008416 seconds 
========================================================================
Received Import Request.
  Time since last request: 0.000220 seconds.
  path: Assets/KOMIKAX_.ttf
  artifactKey: Guid(a1a904f04daa7df4e9188cb3ff5b6702) Importer(815301076,1909f56bfc062723c751e8b465ee728b)
Start importing Assets/KOMIKAX_.ttf using Guid(a1a904f04daa7df4e9188cb3ff5b6702) Importer(815301076,1909f56bfc062723c751e8b465ee728b)  -> (artifact id: '8a14fb679da5108d1575d5eb2dec3297') in 0.008852 seconds 
========================================================================
Received Import Request.
  Time since last request: 78.304559 seconds.
  path: Assets/Sprites
  artifactKey: Guid(9646ecaa1678751449d62e2397b3ed23) Importer(815301076,1909f56bfc062723c751e8b465ee728b)
Start importing Assets/Sprites using Guid(9646ecaa1678751449d62e2397b3ed23) Importer(815301076,1909f56bfc062723c751e8b465ee728b)  -> (artifact id: '237f2eba998b2c14161d955d37998935') in 0.005224 seconds 
========================================================================
Received Prepare
Registering precompiled user dll's ...
Registered in 0.004380 seconds.
Begin MonoManager ReloadAssembly
Symbol file LoadedFromMemory doesn't match image C:\Users\Aulas\Desktop\Music\MusicGame\MusicGame\Library\PackageCache\com.unity.visualscripting@1.6.1\Editor\VisualScripting.Core\Dependencies\YamlDotNet\Unity.VisualScripting.YamlDotNet.dll
Symbol file LoadedFromMemory doesn't match image C:\Users\Aulas\Desktop\Music\MusicGame\MusicGame\Library\PackageCache\com.unity.visualscripting@1.6.1\Editor\VisualScripting.Core\Dependencies\DotNetZip\Unity.VisualScripting.IonicZip.dll
Native extension for WindowsStandalone target not found
Refreshing native plugins compatible for Editor in 0.61 ms, found 4 plugins.
Preloading 0 native plugins for Editor in 0.00 ms.
Mono: successfully reloaded assembly
- Completed reload, in  0.968 seconds
Domain Reload Profiling:
	ReloadAssembly (968ms)
		BeginReloadAssembly (118ms)
			ExecutionOrderSort (0ms)
			DisableScriptedObjects (5ms)
			BackupInstance (0ms)
			ReleaseScriptingObjects (0ms)
			CreateAndSetChildDomain (34ms)
		EndReloadAssembly (798ms)
			LoadAssemblies (83ms)
			RebuildTransferFunctionScriptingTraits (0ms)
			SetupTypeCache (307ms)
			ReleaseScriptCaches (1ms)
			RebuildScriptCaches (39ms)
			SetupLoadedEditorAssemblies (256ms)
				LogAssemblyErrors (0ms)
				InitializePlatformSupportModulesInManaged (4ms)
				SetLoadedEditorAssemblies (0ms)
				RefreshPlugins (1ms)
				BeforeProcessingInitializeOnLoad (57ms)
				ProcessInitializeOnLoadAttributes (181ms)
				ProcessInitializeOnLoadMethodAttributes (7ms)
				AfterProcessingInitializeOnLoad (6ms)
				EditorAssembliesLoaded (0ms)
			ExecutionOrderSort2 (0ms)
			AwakeInstancesAfterBackupRestoration (14ms)
Platform modules already initialized, skipping
Refreshing native plugins compatible for Editor in 0.60 ms, found 4 plugins.
Preloading 0 native plugins for Editor in 0.00 ms.
Unloading 3693 Unused Serialized files (Serialized files now loaded: 0)
System memory in use before: 231.9 MB.
System memory in use after: 232.1 MB.

Unloading 18 unused Assets to reduce memory usage. Loaded Objects now: 4447.
Total: 3.374500 ms (FindLiveObjects: 0.266900 ms CreateObjectMapping: 0.155700 ms MarkObjects: 2.935100 ms  DeleteObjects: 0.016000 ms)

AssetImportParameters requested are different than current active one (requested -> active):
  custom:framework-win-MediaFoundation: 216162199b28c13a410421893ffa2e32 -> 
  custom:video-decoder-ogg-theora: a1e56fd34408186e4bbccfd4996cb3dc -> 
  custom:container-muxer-webm: aa71ff27fc2769a1b78a27578f13a17b -> 
  custom:container-demuxer-webm: 4f35f7cbe854078d1ac9338744f61a02 -> 
  custom:container-demuxer-ogg: 62fdf1f143b41e24485cea50d1cbac27 -> 
  custom:video-encoder-webm-vp8: eb34c28f22e8b96e1ab97ce403110664 -> 
  custom:video-decoder-webm-vp8: 9c59270c3fd7afecdb556c50c9e8de78 -> 
  custom:audio-decoder-ogg-vorbis: bf7c407c2cedff20999df2af8eb42d56 -> 
  custom:audio-encoder-webm-vorbis: bf7c407c2cedff20999df2af8eb42d56 -> 
========================================================================
Received Import Request.
  Time since last request: 40.747609 seconds.
  path: Assets/Scenes
  artifactKey: Guid(131a6b21c8605f84396be9f6751fb6e3) Importer(815301076,1909f56bfc062723c751e8b465ee728b)
Start importing Assets/Scenes using Guid(131a6b21c8605f84396be9f6751fb6e3) Importer(815301076,1909f56bfc062723c751e8b465ee728b)  -> (artifact id: 'ffae677c86e903bacef8065336249a81') in 0.008679 seconds 
========================================================================
Received Import Request.
  Time since last request: 0.275708 seconds.
  path: Assets/Scenes/Game.unity
  artifactKey: Guid(2cda990e2423bbf4892e6590ba056729) Importer(815301076,1909f56bfc062723c751e8b465ee728b)
Start importing Assets/Scenes/Game.unity using Guid(2cda990e2423bbf4892e6590ba056729) Importer(815301076,1909f56bfc062723c751e8b465ee728b)  -> (artifact id: '2a44f4f239eb0c99c92e9f47abe8fed4') in 0.011872 seconds 
========================================================================
Received Import Request.
  Time since last request: 9.664796 seconds.
  path: Assets/Scenes/MainMenu.unity
  artifactKey: Guid(d99f6a23c72fe5e4685ebbd4ee5352dd) Importer(815301076,1909f56bfc062723c751e8b465ee728b)
Start importing Assets/Scenes/MainMenu.unity using Guid(d99f6a23c72fe5e4685ebbd4ee5352dd) Importer(815301076,1909f56bfc062723c751e8b465ee728b)  -> (artifact id: 'dd0003a1f3c02263382b2627e79e4f53') in 0.004839 seconds 
========================================================================
Received Import Request.
  Time since last request: 14.533626 seconds.
  path: Assets/Scenes/Options.unity
  artifactKey: Guid(a38d1fa6b5eee914986e3c61b10ea085) Importer(815301076,1909f56bfc062723c751e8b465ee728b)
Start importing Assets/Scenes/Options.unity using Guid(a38d1fa6b5eee914986e3c61b10ea085) Importer(815301076,1909f56bfc062723c751e8b465ee728b)  -> (artifact id: 'b25ce9b85594f154dda3f23f9bf401b6') in 0.006462 seconds 
AssetImportWorkerClient::OnTransportError - code=2 error=End of file
